<?xml version="1.0" encoding="UTF-8"?>
<!-- Generated by org.testng.reporters.JUnitXMLReporter -->
<testsuite ignored="0" hostname="Prashant-Lenevo" failures="0" tests="1" name="Test" time="7.868" errors="0" timestamp="2022-07-31T13:09:00 EDT">
  <testcase classname="acti.tests.BaseTests" name="@AfterMethod tearDown" time="0.001">
    <failure type="java.lang.NullPointerException" message="Cannot invoke &amp;quot;com.aventstack.extentreports.ExtentReports.flush()&amp;quot; because &amp;quot;acti.tests.BaseTests.report&amp;quot; is null">
      <![CDATA[java.lang.NullPointerException: Cannot invoke "com.aventstack.extentreports.ExtentReports.flush()" because "acti.tests.BaseTests.report" is null
at acti.tests.BaseTests.tearDown(BaseTests.java:55)
at java.base/java.util.ArrayList.forEach(ArrayList.java:1511)
... Removed 32 stack frames]]>
    </failure>
  </testcase> <!-- @AfterMethod tearDown -->
  <testcase classname="acti.driver.DriverManager" name="init_driver" time="3.664"/>
</testsuite> <!-- Test -->
